<?xml version="1.0" encoding="UTF-8"?>
<!-- Generated by org.testng.reporters.JUnitReportReporter -->
<testsuite hostname="DESKTOP-E2LSHID" failures="0" tests="1" name="tests.TestExamples" time="4.059" errors="0" timestamp="2024-02-09T19:29:24 IST" skipped="0">
  <testcase classname="tests.TestExamples" name="test1_GET" time="4.059"/>
</testsuite> <!-- tests.TestExamples -->
