<?xml version="1.0" encoding="UTF-8"?>
<!-- Generated by org.testng.reporters.JUnitReportReporter -->
<testsuite hostname="DESKTOP-E2LSHID" failures="0" tests="2" name="tests.javaScriptExecutor_methods" time="4.717" errors="0" timestamp="2024-03-22T09:55:53 IST" skipped="0">
  <testcase classname="tests.javaScriptExecutor_methods" name="testcase1" time="3.690"/>
  <system-out/>
  <testcase classname="tests.javaScriptExecutor_methods" name="testcase2" time="1.027"/>
  <system-out/>
</testsuite> <!-- tests.javaScriptExecutor_methods -->
