<?xml version="1.0" encoding="UTF-8"?>
<!-- Generated by org.testng.reporters.JUnitReportReporter -->
<testsuite hostname="DESKTOP-E2LSHID" failures="0" tests="1" name="tests.Test_GET_method" time="6.595" errors="0" timestamp="2024-03-14T11:42:54 IST" skipped="0">
  <testcase classname="tests.Test_GET_method" name="BDD_GET" time="6.595"/>
  <system-out/>
</testsuite> <!-- tests.Test_GET_method -->
